<?xml version="1.0" encoding="UTF-8"?>
<!-- Generated by org.testng.reporters.JUnitReportReporter -->
<testsuite hostname="Mamytov" failures="0" tests="2" name="tests.SearchTest" time="22.965" errors="0" timestamp="04 Mar 2018 18:40:58 GMT" skipped="0">
  <testcase classname="tests.SearchTest" name="searchTest" time="21.485"/>
  <testcase classname="tests.SearchTest" name="productDetailsTest" time="1.480"/>
</testsuite> <!-- tests.SearchTest -->
