<?xml version="1.0" encoding="UTF-8"?>
<!-- Generated by org.testng.reporters.JUnitReportReporter -->
<testsuite hostname="Mamytov" failures="0" tests="2" name="tests.search.SearchTest" time="23.970" errors="0" timestamp="04 Mar 2018 19:42:38 GMT" skipped="0">
  <testcase classname="tests.search.SearchTest" name="searchTest" time="22.273"/>
  <testcase classname="tests.search.SearchTest" name="productDetailsTest" time="1.697"/>
</testsuite> <!-- tests.search.SearchTest -->
