<?xml version="1.0" encoding="UTF-8"?>
<!-- Generated by org.testng.reporters.JUnitReportReporter -->
<testsuite hostname="Mamytov" failures="0" tests="1" name="tests.PageTest" time="8.234" errors="0" timestamp="01 Mar 2018 03:45:50 GMT" skipped="0">
  <testcase classname="tests.PageTest" name="test" time="8.234"/>
</testsuite> <!-- tests.PageTest -->
